<html>
<head>
<title>TestNG:  Test</title>
<link href="../testng.css" rel="stylesheet" type="text/css" />
<link href="../my-testng.css" rel="stylesheet" type="text/css" />

<style type="text/css">
.log { display: none;} 
.stack-trace { display: none;} 
</style>
<script type="text/javascript">
<!--
function flip(e) {
  current = e.style.display;
  if (current == 'block') {
    e.style.display = 'none';
    return 0;
  }
  else {
    e.style.display = 'block';
    return 1;
  }
}

function toggleBox(szDivId, elem, msg1, msg2)
{
  var res = -1;  if (document.getElementById) {
    res = flip(document.getElementById(szDivId));
  }
  else if (document.all) {
    // this is the way old msie versions work
    res = flip(document.all[szDivId]);
  }
  if(elem) {
    if(res == 0) elem.innerHTML = msg1; else elem.innerHTML = msg2;
  }

}

function toggleAllBoxes() {
  if (document.getElementsByTagName) {
    d = document.getElementsByTagName('div');
    for (i = 0; i < d.length; i++) {
      if (d[i].className == 'log') {
        flip(d[i]);
      }
    }
  }
}

// -->
</script>

</head>
<body>
<h2 align='center'>Test</h2><table border='1' align="center">
<tr>
<<<<<<< HEAD
<td>Tests passed/Failed/Skipped:</td><td>0/0/5</td>
</tr><tr>
<td>Started on:</td><td>Sun Jul 19 11:46:30 IST 2020</td>
</tr>
<tr><td>Total time:</td><td>0 seconds (195 ms)</td>
=======
<td>Tests passed/Failed/Skipped:</td><td>19/3/0</td>
</tr><tr>
<td>Started on:</td><td>Wed Jul 22 18:41:49 IST 2020</td>
</tr>
<tr><td>Total time:</td><td>165 seconds (165219 ms)</td>
>>>>>>> 10c03352aecf54606b7590466593203f813953a9
</tr><tr>
<td>Included groups:</td><td></td>
</tr><tr>
<td>Excluded groups:</td><td></td>
</tr>
</table><p/>
<small><i>(Hover the method name to see the test class name)</i></small><p/>
<table width='100%' border='1' class='invocation-failed'>
<<<<<<< HEAD
<tr><td colspan='4' align='center'><b>FAILED CONFIGURATIONS</b></td></tr>
=======
<tr><td colspan='4' align='center'><b>FAILED TESTS</b></td></tr>
>>>>>>> 10c03352aecf54606b7590466593203f813953a9
<tr><td><b>Test method</b></td>
<td width="30%"><b>Exception</b></td>
<td width="10%"><b>Time (seconds)</b></td>
<td><b>Instance</b></td>
</tr>
<tr>
<<<<<<< HEAD
<td title='com.qa.flipkart.testcases.SearchPageTest.setup()'><b>setup</b><br>Test class: com.qa.flipkart.testcases.SearchPageTest</td>
<td><div><pre>java.lang.NullPointerException
	at com.qa.flipkart.base.BaseClass.initialization(BaseClass.java:38)
	at com.qa.flipkart.testcases.SearchPageTest.setup(SearchPageTest.java:28)
... Removed 24 stack frames</pre></div><a href='#' onClick='toggleBox("stack-trace13329486", this, "Click to show all stack frames", "Click to hide stack frames")'>Click to show all stack frames</a>
<div class='stack-trace' id='stack-trace13329486'><pre>java.lang.NullPointerException
	at com.qa.flipkart.base.BaseClass.initialization(BaseClass.java:38)
	at com.qa.flipkart.testcases.SearchPageTest.setup(SearchPageTest.java:28)
	at sun.reflect.NativeMethodAccessorImpl.invoke0(Native Method)
	at sun.reflect.NativeMethodAccessorImpl.invoke(Unknown Source)
	at sun.reflect.DelegatingMethodAccessorImpl.invoke(Unknown Source)
	at java.lang.reflect.Method.invoke(Unknown Source)
	at org.testng.internal.MethodInvocationHelper.invokeMethod(MethodInvocationHelper.java:84)
	at org.testng.internal.Invoker.invokeConfigurationMethod(Invoker.java:564)
	at org.testng.internal.Invoker.invokeConfigurations(Invoker.java:213)
	at org.testng.internal.Invoker.invokeConfigurations(Invoker.java:138)
	at org.testng.internal.TestMethodWorker.invokeBeforeClassMethods(TestMethodWorker.java:175)
	at org.testng.internal.TestMethodWorker.run(TestMethodWorker.java:107)
=======
<td title='com.qa.flipkart.testcases.HomePageTest.mouseHoverOnElectronicsTest()'><b>mouseHoverOnElectronicsTest</b><br>Test class: com.qa.flipkart.testcases.HomePageTest</td>
<td><div><pre>java.lang.AssertionError: Mouse not Hower on Electronics Label expected [true] but found [false]
	at com.qa.flipkart.pages.HomePage.mouseHoverOnElectronics(HomePage.java:107)
	at com.qa.flipkart.testcases.HomePageTest.mouseHoverOnElectronicsTest(HomePageTest.java:52)
... Removed 27 stack frames</pre></div><a href='#' onClick='toggleBox("stack-trace1877986974", this, "Click to show all stack frames", "Click to hide stack frames")'>Click to show all stack frames</a>
<div class='stack-trace' id='stack-trace1877986974'><pre>java.lang.AssertionError: Mouse not Hower on Electronics Label expected [true] but found [false]
	at org.testng.Assert.fail(Assert.java:94)
	at org.testng.Assert.failNotEquals(Assert.java:494)
	at org.testng.Assert.assertTrue(Assert.java:42)
	at com.qa.flipkart.pages.HomePage.mouseHoverOnElectronics(HomePage.java:107)
	at com.qa.flipkart.testcases.HomePageTest.mouseHoverOnElectronicsTest(HomePageTest.java:52)
	at sun.reflect.NativeMethodAccessorImpl.invoke0(Native Method)
	at sun.reflect.NativeMethodAccessorImpl.invoke(NativeMethodAccessorImpl.java:62)
	at sun.reflect.DelegatingMethodAccessorImpl.invoke(DelegatingMethodAccessorImpl.java:43)
	at java.lang.reflect.Method.invoke(Method.java:483)
	at org.testng.internal.MethodInvocationHelper.invokeMethod(MethodInvocationHelper.java:84)
	at org.testng.internal.Invoker.invokeMethod(Invoker.java:714)
	at org.testng.internal.Invoker.invokeTestMethod(Invoker.java:901)
	at org.testng.internal.Invoker.invokeTestMethods(Invoker.java:1231)
	at org.testng.internal.TestMethodWorker.invokeTestMethods(TestMethodWorker.java:127)
	at org.testng.internal.TestMethodWorker.run(TestMethodWorker.java:111)
>>>>>>> 10c03352aecf54606b7590466593203f813953a9
	at org.testng.TestRunner.privateRun(TestRunner.java:767)
	at org.testng.TestRunner.run(TestRunner.java:617)
	at org.testng.SuiteRunner.runTest(SuiteRunner.java:348)
	at org.testng.SuiteRunner.runSequentially(SuiteRunner.java:343)
	at org.testng.SuiteRunner.privateRun(SuiteRunner.java:305)
	at org.testng.SuiteRunner.run(SuiteRunner.java:254)
	at org.testng.SuiteRunnerWorker.runSuite(SuiteRunnerWorker.java:52)
	at org.testng.SuiteRunnerWorker.run(SuiteRunnerWorker.java:86)
	at org.testng.TestNG.runSuitesSequentially(TestNG.java:1224)
	at org.testng.TestNG.runSuitesLocally(TestNG.java:1149)
	at org.testng.TestNG.run(TestNG.java:1057)
	at org.testng.remote.AbstractRemoteTestNG.run(AbstractRemoteTestNG.java:115)
	at org.testng.remote.RemoteTestNG.initAndRun(RemoteTestNG.java:251)
	at org.testng.remote.RemoteTestNG.main(RemoteTestNG.java:77)
</pre></div></td>
<td>0</td>
<<<<<<< HEAD
<td>com.qa.flipkart.testcases.SearchPageTest@2a5ca609</td></tr>
</table><p>
<table width='100%' border='1' class='invocation-skipped'>
<tr><td colspan='4' align='center'><b>SKIPPED CONFIGURATIONS</b></td></tr>
<tr><td><b>Test method</b></td>
<td width="30%"><b>Exception</b></td>
<td width="10%"><b>Time (seconds)</b></td>
<td><b>Instance</b></td>
</tr>
<tr>
<td title='com.qa.flipkart.testcases.SearchPageTest.closeBrowser()'><b>closeBrowser</b><br>Test class: com.qa.flipkart.testcases.SearchPageTest</td>
<td></td>
<td>0</td>
<td>com.qa.flipkart.testcases.SearchPageTest@2a5ca609</td></tr>
</table><p>
<table width='100%' border='1' class='invocation-skipped'>
<tr><td colspan='4' align='center'><b>SKIPPED TESTS</b></td></tr>
=======
<td>com.qa.flipkart.testcases.HomePageTest@224edc67</td></tr>
<tr>
<td title='com.qa.flipkart.testcases.HomePageTest.mouseHoverOnMoreTest()'><b>mouseHoverOnMoreTest</b><br>Test class: com.qa.flipkart.testcases.HomePageTest</td>
<td><div><pre>java.lang.AssertionError: Mouse not Hower on Electronics Label expected [true] but found [false]
	at com.qa.flipkart.pages.HomePage.mouseHoverOnMoreLabel(HomePage.java:154)
	at com.qa.flipkart.testcases.HomePageTest.mouseHoverOnMoreTest(HomePageTest.java:100)
... Removed 27 stack frames</pre></div><a href='#' onClick='toggleBox("stack-trace145455292", this, "Click to show all stack frames", "Click to hide stack frames")'>Click to show all stack frames</a>
<div class='stack-trace' id='stack-trace145455292'><pre>java.lang.AssertionError: Mouse not Hower on Electronics Label expected [true] but found [false]
	at org.testng.Assert.fail(Assert.java:94)
	at org.testng.Assert.failNotEquals(Assert.java:494)
	at org.testng.Assert.assertTrue(Assert.java:42)
	at com.qa.flipkart.pages.HomePage.mouseHoverOnMoreLabel(HomePage.java:154)
	at com.qa.flipkart.testcases.HomePageTest.mouseHoverOnMoreTest(HomePageTest.java:100)
	at sun.reflect.NativeMethodAccessorImpl.invoke0(Native Method)
	at sun.reflect.NativeMethodAccessorImpl.invoke(NativeMethodAccessorImpl.java:62)
	at sun.reflect.DelegatingMethodAccessorImpl.invoke(DelegatingMethodAccessorImpl.java:43)
	at java.lang.reflect.Method.invoke(Method.java:483)
	at org.testng.internal.MethodInvocationHelper.invokeMethod(MethodInvocationHelper.java:84)
	at org.testng.internal.Invoker.invokeMethod(Invoker.java:714)
	at org.testng.internal.Invoker.invokeTestMethod(Invoker.java:901)
	at org.testng.internal.Invoker.invokeTestMethods(Invoker.java:1231)
	at org.testng.internal.TestMethodWorker.invokeTestMethods(TestMethodWorker.java:127)
	at org.testng.internal.TestMethodWorker.run(TestMethodWorker.java:111)
	at org.testng.TestRunner.privateRun(TestRunner.java:767)
	at org.testng.TestRunner.run(TestRunner.java:617)
	at org.testng.SuiteRunner.runTest(SuiteRunner.java:348)
	at org.testng.SuiteRunner.runSequentially(SuiteRunner.java:343)
	at org.testng.SuiteRunner.privateRun(SuiteRunner.java:305)
	at org.testng.SuiteRunner.run(SuiteRunner.java:254)
	at org.testng.SuiteRunnerWorker.runSuite(SuiteRunnerWorker.java:52)
	at org.testng.SuiteRunnerWorker.run(SuiteRunnerWorker.java:86)
	at org.testng.TestNG.runSuitesSequentially(TestNG.java:1224)
	at org.testng.TestNG.runSuitesLocally(TestNG.java:1149)
	at org.testng.TestNG.run(TestNG.java:1057)
	at org.testng.remote.AbstractRemoteTestNG.run(AbstractRemoteTestNG.java:115)
	at org.testng.remote.RemoteTestNG.initAndRun(RemoteTestNG.java:251)
	at org.testng.remote.RemoteTestNG.main(RemoteTestNG.java:77)
</pre></div></td>
<td>0</td>
<td>com.qa.flipkart.testcases.HomePageTest@224edc67</td></tr>
<tr>
<td title='com.qa.flipkart.testcases.LoginPageTest.verifyInvalidPasswordTest()'><b>verifyInvalidPasswordTest</b><br>Test class: com.qa.flipkart.testcases.LoginPageTest</td>
<td><div><pre>org.openqa.selenium.NoSuchElementException: no such element: Unable to locate element: {&quot;method&quot;:&quot;xpath&quot;,&quot;selector&quot;:&quot;//input[@class=&apos;_2zrpKA _1dBPDZ&apos;]&quot;}
  (Session info: chrome=84.0.4147.89)
For documentation on this error, please visit: https://www.seleniumhq.org/exceptions/no_such_element.html
Build info: version: &apos;3.141.59&apos;, revision: &apos;e82be7d358&apos;, time: &apos;2018-11-14T08:17:03&apos;
System info: host: &apos;DESKTOP-R62C331&apos;, ip: &apos;192.168.1.102&apos;, os.name: &apos;Windows 8.1&apos;, os.arch: &apos;amd64&apos;, os.version: &apos;6.3&apos;, java.version: &apos;1.8.0_31&apos;
Driver info: org.openqa.selenium.chrome.ChromeDriver
Capabilities {acceptInsecureCerts: false, browserName: chrome, browserVersion: 84.0.4147.89, chrome: {chromedriverVersion: 84.0.4147.30 (48b3e868b4cc0..., userDataDir: C:\Users\Shivam\AppData\Loc...}, goog:chromeOptions: {debuggerAddress: localhost:55822}, javascriptEnabled: true, networkConnectionEnabled: false, pageLoadStrategy: normal, platform: WINDOWS, platformName: WINDOWS, proxy: Proxy(), setWindowRect: true, strictFileInteractability: false, timeouts: {implicit: 0, pageLoad: 300000, script: 30000}, unhandledPromptBehavior: dismiss and notify, webauthn:virtualAuthenticators: true}
Session ID: 46c33851b6ab05b5593f687313a08948
*** Element info: {Using=xpath, value=//input[@class=&apos;_2zrpKA _1dBPDZ&apos;]}
	at org.openqa.selenium.remote.http.W3CHttpResponseCodec.createException(W3CHttpResponseCodec.java:187)
	at org.openqa.selenium.remote.http.W3CHttpResponseCodec.decode(W3CHttpResponseCodec.java:122)
	at org.openqa.selenium.remote.http.W3CHttpResponseCodec.decode(W3CHttpResponseCodec.java:49)
	at org.openqa.selenium.remote.HttpCommandExecutor.execute(HttpCommandExecutor.java:158)
	at org.openqa.selenium.remote.service.DriverCommandExecutor.execute(DriverCommandExecutor.java:83)
	at org.openqa.selenium.remote.RemoteWebDriver.execute(RemoteWebDriver.java:552)
	at org.openqa.selenium.remote.RemoteWebDriver.findElement(RemoteWebDriver.java:323)
	at org.openqa.selenium.remote.RemoteWebDriver.findElementByXPath(RemoteWebDriver.java:428)
	at org.openqa.selenium.By$ByXPath.findElement(By.java:353)
	at org.openqa.selenium.remote.RemoteWebDriver.findElement(RemoteWebDriver.java:315)
	at org.openqa.selenium.support.pagefactory.DefaultElementLocator.findElement(DefaultElementLocator.java:69)
	at org.openqa.selenium.support.pagefactory.internal.LocatingElementHandler.invoke(LocatingElementHandler.java:38)
	at com.sun.proxy.$Proxy11.sendKeys(Unknown Source)
	at com.qa.flipkart.pages.LoginPage.verifyInvalidInput(LoginPage.java:60)
	at com.qa.flipkart.testcases.LoginPageTest.verifyInvalidPasswordTest(LoginPageTest.java:35)
... Removed 28 stack frames</pre></div><a href='#' onClick='toggleBox("stack-trace1859383896", this, "Click to show all stack frames", "Click to hide stack frames")'>Click to show all stack frames</a>
<div class='stack-trace' id='stack-trace1859383896'><pre>org.openqa.selenium.NoSuchElementException: no such element: Unable to locate element: {&quot;method&quot;:&quot;xpath&quot;,&quot;selector&quot;:&quot;//input[@class=&apos;_2zrpKA _1dBPDZ&apos;]&quot;}
  (Session info: chrome=84.0.4147.89)
For documentation on this error, please visit: https://www.seleniumhq.org/exceptions/no_such_element.html
Build info: version: &apos;3.141.59&apos;, revision: &apos;e82be7d358&apos;, time: &apos;2018-11-14T08:17:03&apos;
System info: host: &apos;DESKTOP-R62C331&apos;, ip: &apos;192.168.1.102&apos;, os.name: &apos;Windows 8.1&apos;, os.arch: &apos;amd64&apos;, os.version: &apos;6.3&apos;, java.version: &apos;1.8.0_31&apos;
Driver info: org.openqa.selenium.chrome.ChromeDriver
Capabilities {acceptInsecureCerts: false, browserName: chrome, browserVersion: 84.0.4147.89, chrome: {chromedriverVersion: 84.0.4147.30 (48b3e868b4cc0..., userDataDir: C:\Users\Shivam\AppData\Loc...}, goog:chromeOptions: {debuggerAddress: localhost:55822}, javascriptEnabled: true, networkConnectionEnabled: false, pageLoadStrategy: normal, platform: WINDOWS, platformName: WINDOWS, proxy: Proxy(), setWindowRect: true, strictFileInteractability: false, timeouts: {implicit: 0, pageLoad: 300000, script: 30000}, unhandledPromptBehavior: dismiss and notify, webauthn:virtualAuthenticators: true}
Session ID: 46c33851b6ab05b5593f687313a08948
*** Element info: {Using=xpath, value=//input[@class=&apos;_2zrpKA _1dBPDZ&apos;]}
	at sun.reflect.NativeConstructorAccessorImpl.newInstance0(Native Method)
	at sun.reflect.NativeConstructorAccessorImpl.newInstance(NativeConstructorAccessorImpl.java:62)
	at sun.reflect.DelegatingConstructorAccessorImpl.newInstance(DelegatingConstructorAccessorImpl.java:45)
	at java.lang.reflect.Constructor.newInstance(Constructor.java:408)
	at org.openqa.selenium.remote.http.W3CHttpResponseCodec.createException(W3CHttpResponseCodec.java:187)
	at org.openqa.selenium.remote.http.W3CHttpResponseCodec.decode(W3CHttpResponseCodec.java:122)
	at org.openqa.selenium.remote.http.W3CHttpResponseCodec.decode(W3CHttpResponseCodec.java:49)
	at org.openqa.selenium.remote.HttpCommandExecutor.execute(HttpCommandExecutor.java:158)
	at org.openqa.selenium.remote.service.DriverCommandExecutor.execute(DriverCommandExecutor.java:83)
	at org.openqa.selenium.remote.RemoteWebDriver.execute(RemoteWebDriver.java:552)
	at org.openqa.selenium.remote.RemoteWebDriver.findElement(RemoteWebDriver.java:323)
	at org.openqa.selenium.remote.RemoteWebDriver.findElementByXPath(RemoteWebDriver.java:428)
	at org.openqa.selenium.By$ByXPath.findElement(By.java:353)
	at org.openqa.selenium.remote.RemoteWebDriver.findElement(RemoteWebDriver.java:315)
	at org.openqa.selenium.support.pagefactory.DefaultElementLocator.findElement(DefaultElementLocator.java:69)
	at org.openqa.selenium.support.pagefactory.internal.LocatingElementHandler.invoke(LocatingElementHandler.java:38)
	at com.sun.proxy.$Proxy11.sendKeys(Unknown Source)
	at com.qa.flipkart.pages.LoginPage.verifyInvalidInput(LoginPage.java:60)
	at com.qa.flipkart.testcases.LoginPageTest.verifyInvalidPasswordTest(LoginPageTest.java:35)
	at sun.reflect.NativeMethodAccessorImpl.invoke0(Native Method)
	at sun.reflect.NativeMethodAccessorImpl.invoke(NativeMethodAccessorImpl.java:62)
	at sun.reflect.DelegatingMethodAccessorImpl.invoke(DelegatingMethodAccessorImpl.java:43)
	at java.lang.reflect.Method.invoke(Method.java:483)
	at org.testng.internal.MethodInvocationHelper.invokeMethod(MethodInvocationHelper.java:84)
	at org.testng.internal.Invoker.invokeMethod(Invoker.java:714)
	at org.testng.internal.Invoker.invokeTestMethod(Invoker.java:901)
	at org.testng.internal.Invoker.invokeTestMethods(Invoker.java:1231)
	at org.testng.internal.TestMethodWorker.invokeTestMethods(TestMethodWorker.java:127)
	at org.testng.internal.TestMethodWorker.run(TestMethodWorker.java:111)
	at org.testng.TestRunner.privateRun(TestRunner.java:767)
	at org.testng.TestRunner.run(TestRunner.java:617)
	at org.testng.SuiteRunner.runTest(SuiteRunner.java:348)
	at org.testng.SuiteRunner.runSequentially(SuiteRunner.java:343)
	at org.testng.SuiteRunner.privateRun(SuiteRunner.java:305)
	at org.testng.SuiteRunner.run(SuiteRunner.java:254)
	at org.testng.SuiteRunnerWorker.runSuite(SuiteRunnerWorker.java:52)
	at org.testng.SuiteRunnerWorker.run(SuiteRunnerWorker.java:86)
	at org.testng.TestNG.runSuitesSequentially(TestNG.java:1224)
	at org.testng.TestNG.runSuitesLocally(TestNG.java:1149)
	at org.testng.TestNG.run(TestNG.java:1057)
	at org.testng.remote.AbstractRemoteTestNG.run(AbstractRemoteTestNG.java:115)
	at org.testng.remote.RemoteTestNG.initAndRun(RemoteTestNG.java:251)
	at org.testng.remote.RemoteTestNG.main(RemoteTestNG.java:77)
</pre></div></td>
<td>40</td>
<td>com.qa.flipkart.testcases.LoginPageTest@5c7fa833</td></tr>
</table><p>
<table width='100%' border='1' class='invocation-passed'>
<tr><td colspan='4' align='center'><b>PASSED TESTS</b></td></tr>
>>>>>>> 10c03352aecf54606b7590466593203f813953a9
<tr><td><b>Test method</b></td>
<td width="30%"><b>Exception</b></td>
<td width="10%"><b>Time (seconds)</b></td>
<td><b>Instance</b></td>
</tr>
<tr>
<td title='com.qa.flipkart.testcases.HomePageTest.clickOnSearchTextboxTest()'><b>clickOnSearchTextboxTest</b><br>Test class: com.qa.flipkart.testcases.HomePageTest</td>
<td></td>
<td>0</td>
<td>com.qa.flipkart.testcases.HomePageTest@224edc67</td></tr>
<tr>
<td title='com.qa.flipkart.testcases.HomePageTest.flipkartLogoIsDisplayedTest()'><b>flipkartLogoIsDisplayedTest</b><br>Test class: com.qa.flipkart.testcases.HomePageTest</td>
<td></td>
<td>0</td>
<td>com.qa.flipkart.testcases.HomePageTest@224edc67</td></tr>
<tr>
<td title='com.qa.flipkart.testcases.LoginPageTest.loginTest()'><b>loginTest</b><br>Test class: com.qa.flipkart.testcases.LoginPageTest</td>
<td></td>
<td>5</td>
<td>com.qa.flipkart.testcases.LoginPageTest@5c7fa833</td></tr>
<tr>
<td title='com.qa.flipkart.testcases.HomePageTest.mouseHoverOnBabyAndKidTest()'><b>mouseHoverOnBabyAndKidTest</b><br>Test class: com.qa.flipkart.testcases.HomePageTest</td>
<td></td>
<td>2</td>
<td>com.qa.flipkart.testcases.HomePageTest@224edc67</td></tr>
<tr>
<td title='com.qa.flipkart.testcases.HomePageTest.mouseHoverOnHomeandFurnitureTest()'><b>mouseHoverOnHomeandFurnitureTest</b><br>Test class: com.qa.flipkart.testcases.HomePageTest</td>
<td></td>
<td>2</td>
<td>com.qa.flipkart.testcases.HomePageTest@224edc67</td></tr>
<tr>
<td title='com.qa.flipkart.testcases.HomePageTest.mouseHoverOnMenTest()'><b>mouseHoverOnMenTest</b><br>Test class: com.qa.flipkart.testcases.HomePageTest</td>
<td></td>
<td>2</td>
<td>com.qa.flipkart.testcases.HomePageTest@224edc67</td></tr>
<tr>
<td title='com.qa.flipkart.testcases.HomePageTest.mouseHoverOnSportAndBookTest()'><b>mouseHoverOnSportAndBookTest</b><br>Test class: com.qa.flipkart.testcases.HomePageTest</td>
<td></td>
<td>2</td>
<td>com.qa.flipkart.testcases.HomePageTest@224edc67</td></tr>
<tr>
<td title='com.qa.flipkart.testcases.HomePageTest.mouseHoverOnTVnandAppliancesTest()'><b>mouseHoverOnTVnandAppliancesTest</b><br>Test class: com.qa.flipkart.testcases.HomePageTest</td>
<td></td>
<td>2</td>
<td>com.qa.flipkart.testcases.HomePageTest@224edc67</td></tr>
<tr>
<td title='com.qa.flipkart.testcases.HomePageTest.mouseHoverOnWomenTest()'><b>mouseHoverOnWomenTest</b><br>Test class: com.qa.flipkart.testcases.HomePageTest</td>
<td></td>
<td>3</td>
<td>com.qa.flipkart.testcases.HomePageTest@224edc67</td></tr>
<tr>
<td title='com.qa.flipkart.testcases.HomePageTest.mouseHoverOnuserNameLabelTest()'><b>mouseHoverOnuserNameLabelTest</b><br>Test class: com.qa.flipkart.testcases.HomePageTest</td>
<td></td>
<td>2</td>
<td>com.qa.flipkart.testcases.HomePageTest@224edc67</td></tr>
<tr>
<td title='com.qa.flipkart.testcases.SearchPageTest.searchButtonIsDisplayedTest()'><b>searchButtonIsDisplayedTest</b><br>Test class: com.qa.flipkart.testcases.SearchPageTest</td>
<td></td>
<td>0</td>
<<<<<<< HEAD
<td>com.qa.flipkart.testcases.SearchPageTest@2a5ca609</td></tr>
=======
<td>com.qa.flipkart.testcases.SearchPageTest@1d057a39</td></tr>
>>>>>>> 10c03352aecf54606b7590466593203f813953a9
<tr>
<td title='com.qa.flipkart.testcases.SearchPageTest.searchButtonIsEnabledTest()'><b>searchButtonIsEnabledTest</b><br>Test class: com.qa.flipkart.testcases.SearchPageTest</td>
<td></td>
<td>0</td>
<<<<<<< HEAD
<td>com.qa.flipkart.testcases.SearchPageTest@2a5ca609</td></tr>
<tr>
<td title='com.qa.flipkart.testcases.SearchPageTest.verifyAutoSuggestTest()'><b>verifyAutoSuggestTest</b><br>Test class: com.qa.flipkart.testcases.SearchPageTest</td>
<td></td>
<td>0</td>
<td>com.qa.flipkart.testcases.SearchPageTest@2a5ca609</td></tr>
=======
<td>com.qa.flipkart.testcases.SearchPageTest@1d057a39</td></tr>
<tr>
<td title='com.qa.flipkart.testcases.SearchPageTest.verifyAutoSuggestTest()'><b>verifyAutoSuggestTest</b><br>Test class: com.qa.flipkart.testcases.SearchPageTest</td>
<td></td>
<td>3</td>
<td>com.qa.flipkart.testcases.SearchPageTest@1d057a39</td></tr>
<tr>
<td title='com.qa.flipkart.testcases.LoginPageTest.verifyBlankFieldLoginTest()'><b>verifyBlankFieldLoginTest</b><br>Test class: com.qa.flipkart.testcases.LoginPageTest</td>
<td></td>
<td>0</td>
<td>com.qa.flipkart.testcases.LoginPageTest@5c7fa833</td></tr>
<tr>
<td title='com.qa.flipkart.testcases.HomePageTest.verifyHomepageTitleTest()'><b>verifyHomepageTitleTest</b><br>Test class: com.qa.flipkart.testcases.HomePageTest</td>
<td></td>
<td>0</td>
<td>com.qa.flipkart.testcases.HomePageTest@224edc67</td></tr>
<tr>
<td title='com.qa.flipkart.testcases.LoginPageTest.verifyInvalidMobNoTest()'><b>verifyInvalidMobNoTest</b><br>Test class: com.qa.flipkart.testcases.LoginPageTest</td>
<td></td>
<td>0</td>
<td>com.qa.flipkart.testcases.LoginPageTest@5c7fa833</td></tr>
>>>>>>> 10c03352aecf54606b7590466593203f813953a9
<tr>
<td title='com.qa.flipkart.testcases.SearchPageTest.verifySearchTextboxDisplayedTest()'><b>verifySearchTextboxDisplayedTest</b><br>Test class: com.qa.flipkart.testcases.SearchPageTest</td>
<td></td>
<td>0</td>
<<<<<<< HEAD
<td>com.qa.flipkart.testcases.SearchPageTest@2a5ca609</td></tr>
<tr>
<td title='com.qa.flipkart.testcases.SearchPageTest.verifySearchTextboxEnableTest()'><b>verifySearchTextboxEnableTest</b><br>Test class: com.qa.flipkart.testcases.SearchPageTest</td>
<td></td>
<td>0</td>
<td>com.qa.flipkart.testcases.SearchPageTest@2a5ca609</td></tr>
=======
<td>com.qa.flipkart.testcases.SearchPageTest@1d057a39</td></tr>
<tr>
<td title='com.qa.flipkart.testcases.SearchPageTest.verifySearchTextboxEnableTest()'><b>verifySearchTextboxEnableTest</b><br>Test class: com.qa.flipkart.testcases.SearchPageTest</td>
<td></td>
<td>0</td>
<td>com.qa.flipkart.testcases.SearchPageTest@1d057a39</td></tr>
<tr>
<td title='com.qa.flipkart.testcases.HomePageTest.verifyTextboxLabelTest()'><b>verifyTextboxLabelTest</b><br>Test class: com.qa.flipkart.testcases.HomePageTest</td>
<td></td>
<td>0</td>
<td>com.qa.flipkart.testcases.HomePageTest@224edc67</td></tr>
>>>>>>> 10c03352aecf54606b7590466593203f813953a9
</table><p>
</body>
</html>