<?xml version="1.0" encoding="UTF-8"?>
<!-- Generated by org.testng.reporters.JUnitXMLReporter -->
<<<<<<< HEAD
<testsuite hostname="LAPTOP-702TIJFI" name="Test" tests="5" failures="0" timestamp="19 Jul 2020 06:16:31 GMT" time="0.195" errors="0">
  <testcase name="@BeforeClass setup" time="0.0" classname="com.qa.flipkart.testcases.SearchPageTest">
    <failure type="java.lang.NullPointerException">
      <![CDATA[java.lang.NullPointerException
	at com.qa.flipkart.base.BaseClass.initialization(BaseClass.java:38)
	at com.qa.flipkart.testcases.SearchPageTest.setup(SearchPageTest.java:28)
... Removed 24 stack frames]]>
    </failure>
  </testcase> <!-- @BeforeClass setup -->
  <testcase name="@AfterClass closeBrowser" time="0.0" classname="com.qa.flipkart.testcases.SearchPageTest">
    <skipped/>
  </testcase> <!-- @AfterClass closeBrowser -->
  <testcase name="searchButtonIsEnabledTest" time="0.004" classname="com.qa.flipkart.testcases.SearchPageTest">
    <skipped/>
  </testcase> <!-- searchButtonIsEnabledTest -->
  <testcase name="searchButtonIsDisplayedTest" time="0.004" classname="com.qa.flipkart.testcases.SearchPageTest">
    <skipped/>
  </testcase> <!-- searchButtonIsDisplayedTest -->
  <testcase name="verifySearchTextboxDisplayedTest" time="0.002" classname="com.qa.flipkart.testcases.SearchPageTest">
    <skipped/>
  </testcase> <!-- verifySearchTextboxDisplayedTest -->
  <testcase name="verifySearchTextboxEnableTest" time="0.015" classname="com.qa.flipkart.testcases.SearchPageTest">
    <skipped/>
  </testcase> <!-- verifySearchTextboxEnableTest -->
  <testcase name="verifyAutoSuggestTest" time="0.003" classname="com.qa.flipkart.testcases.SearchPageTest">
    <skipped/>
  </testcase> <!-- verifyAutoSuggestTest -->
=======
<testsuite hostname="DESKTOP-R62C331" name="Test" tests="22" failures="3" timestamp="22 Jul 2020 13:14:34 GMT" time="165.219" errors="0">
  <testcase name="loginTest" time="5.831" classname="com.qa.flipkart.testcases.LoginPageTest"/>
  <testcase name="verifyInvalidPasswordTest" time="40.096" classname="com.qa.flipkart.testcases.LoginPageTest">
    <failure type="org.openqa.selenium.NoSuchElementException" message="no such element: Unable to locate element: {&amp;quot;method&amp;quot;:&amp;quot;xpath&amp;quot;,&amp;quot;selector&amp;quot;:&amp;quot;//input[@class=&amp;apos;_2zrpKA _1dBPDZ&amp;apos;]&amp;quot;}
  (Session info: chrome=84.0.4147.89)
For documentation on this error, please visit: https://www.seleniumhq.org/exceptions/no_such_element.html
Build info: version: &amp;apos;3.141.59&amp;apos;, revision: &amp;apos;e82be7d358&amp;apos;, time: &amp;apos;2018-11-14T08:17:03&amp;apos;
System info: host: &amp;apos;DESKTOP-R62C331&amp;apos;, ip: &amp;apos;192.168.1.102&amp;apos;, os.name: &amp;apos;Windows 8.1&amp;apos;, os.arch: &amp;apos;amd64&amp;apos;, os.version: &amp;apos;6.3&amp;apos;, java.version: &amp;apos;1.8.0_31&amp;apos;
Driver info: org.openqa.selenium.chrome.ChromeDriver
Capabilities {acceptInsecureCerts: false, browserName: chrome, browserVersion: 84.0.4147.89, chrome: {chromedriverVersion: 84.0.4147.30 (48b3e868b4cc0..., userDataDir: C:\Users\Shivam\AppData\Loc...}, goog:chromeOptions: {debuggerAddress: localhost:55822}, javascriptEnabled: true, networkConnectionEnabled: false, pageLoadStrategy: normal, platform: WINDOWS, platformName: WINDOWS, proxy: Proxy(), setWindowRect: true, strictFileInteractability: false, timeouts: {implicit: 0, pageLoad: 300000, script: 30000}, unhandledPromptBehavior: dismiss and notify, webauthn:virtualAuthenticators: true}
Session ID: 46c33851b6ab05b5593f687313a08948
*** Element info: {Using=xpath, value=//input[@class=&amp;apos;_2zrpKA _1dBPDZ&amp;apos;]}">
      <![CDATA[org.openqa.selenium.NoSuchElementException: no such element: Unable to locate element: {"method":"xpath","selector":"//input[@class='_2zrpKA _1dBPDZ']"}
  (Session info: chrome=84.0.4147.89)
For documentation on this error, please visit: https://www.seleniumhq.org/exceptions/no_such_element.html
Build info: version: '3.141.59', revision: 'e82be7d358', time: '2018-11-14T08:17:03'
System info: host: 'DESKTOP-R62C331', ip: '192.168.1.102', os.name: 'Windows 8.1', os.arch: 'amd64', os.version: '6.3', java.version: '1.8.0_31'
Driver info: org.openqa.selenium.chrome.ChromeDriver
Capabilities {acceptInsecureCerts: false, browserName: chrome, browserVersion: 84.0.4147.89, chrome: {chromedriverVersion: 84.0.4147.30 (48b3e868b4cc0..., userDataDir: C:\Users\Shivam\AppData\Loc...}, goog:chromeOptions: {debuggerAddress: localhost:55822}, javascriptEnabled: true, networkConnectionEnabled: false, pageLoadStrategy: normal, platform: WINDOWS, platformName: WINDOWS, proxy: Proxy(), setWindowRect: true, strictFileInteractability: false, timeouts: {implicit: 0, pageLoad: 300000, script: 30000}, unhandledPromptBehavior: dismiss and notify, webauthn:virtualAuthenticators: true}
Session ID: 46c33851b6ab05b5593f687313a08948
*** Element info: {Using=xpath, value=//input[@class='_2zrpKA _1dBPDZ']}
	at org.openqa.selenium.remote.http.W3CHttpResponseCodec.createException(W3CHttpResponseCodec.java:187)
	at org.openqa.selenium.remote.http.W3CHttpResponseCodec.decode(W3CHttpResponseCodec.java:122)
	at org.openqa.selenium.remote.http.W3CHttpResponseCodec.decode(W3CHttpResponseCodec.java:49)
	at org.openqa.selenium.remote.HttpCommandExecutor.execute(HttpCommandExecutor.java:158)
	at org.openqa.selenium.remote.service.DriverCommandExecutor.execute(DriverCommandExecutor.java:83)
	at org.openqa.selenium.remote.RemoteWebDriver.execute(RemoteWebDriver.java:552)
	at org.openqa.selenium.remote.RemoteWebDriver.findElement(RemoteWebDriver.java:323)
	at org.openqa.selenium.remote.RemoteWebDriver.findElementByXPath(RemoteWebDriver.java:428)
	at org.openqa.selenium.By$ByXPath.findElement(By.java:353)
	at org.openqa.selenium.remote.RemoteWebDriver.findElement(RemoteWebDriver.java:315)
	at org.openqa.selenium.support.pagefactory.DefaultElementLocator.findElement(DefaultElementLocator.java:69)
	at org.openqa.selenium.support.pagefactory.internal.LocatingElementHandler.invoke(LocatingElementHandler.java:38)
	at com.sun.proxy.$Proxy11.sendKeys(Unknown Source)
	at com.qa.flipkart.pages.LoginPage.verifyInvalidInput(LoginPage.java:60)
	at com.qa.flipkart.testcases.LoginPageTest.verifyInvalidPasswordTest(LoginPageTest.java:35)
... Removed 28 stack frames]]>
    </failure>
  </testcase> <!-- verifyInvalidPasswordTest -->
  <testcase name="verifyInvalidMobNoTest" time="0.917" classname="com.qa.flipkart.testcases.LoginPageTest"/>
  <testcase name="verifyBlankFieldLoginTest" time="0.501" classname="com.qa.flipkart.testcases.LoginPageTest"/>
  <testcase name="flipkartLogoIsDisplayedTest" time="0.098" classname="com.qa.flipkart.testcases.HomePageTest"/>
  <testcase name="verifyHomepageTitleTest" time="0.024" classname="com.qa.flipkart.testcases.HomePageTest"/>
  <testcase name="mouseHoverOnElectronicsTest" time="0.223" classname="com.qa.flipkart.testcases.HomePageTest">
    <failure type="java.lang.AssertionError" message="Mouse not Hower on Electronics Label expected [true] but found [false]">
      <![CDATA[java.lang.AssertionError: Mouse not Hower on Electronics Label expected [true] but found [false]
	at com.qa.flipkart.pages.HomePage.mouseHoverOnElectronics(HomePage.java:107)
	at com.qa.flipkart.testcases.HomePageTest.mouseHoverOnElectronicsTest(HomePageTest.java:52)
... Removed 27 stack frames]]>
    </failure>
  </testcase> <!-- mouseHoverOnElectronicsTest -->
  <testcase name="verifyTextboxLabelTest" time="0.095" classname="com.qa.flipkart.testcases.HomePageTest"/>
  <testcase name="mouseHoverOnTVnandAppliancesTest" time="2.386" classname="com.qa.flipkart.testcases.HomePageTest"/>
  <testcase name="mouseHoverOnMenTest" time="2.186" classname="com.qa.flipkart.testcases.HomePageTest"/>
  <testcase name="mouseHoverOnWomenTest" time="3.137" classname="com.qa.flipkart.testcases.HomePageTest"/>
  <testcase name="mouseHoverOnBabyAndKidTest" time="2.137" classname="com.qa.flipkart.testcases.HomePageTest"/>
  <testcase name="mouseHoverOnHomeandFurnitureTest" time="2.131" classname="com.qa.flipkart.testcases.HomePageTest"/>
  <testcase name="mouseHoverOnSportAndBookTest" time="2.158" classname="com.qa.flipkart.testcases.HomePageTest"/>
  <testcase name="mouseHoverOnMoreTest" time="0.169" classname="com.qa.flipkart.testcases.HomePageTest">
    <failure type="java.lang.AssertionError" message="Mouse not Hower on Electronics Label expected [true] but found [false]">
      <![CDATA[java.lang.AssertionError: Mouse not Hower on Electronics Label expected [true] but found [false]
	at com.qa.flipkart.pages.HomePage.mouseHoverOnMoreLabel(HomePage.java:154)
	at com.qa.flipkart.testcases.HomePageTest.mouseHoverOnMoreTest(HomePageTest.java:100)
... Removed 27 stack frames]]>
    </failure>
  </testcase> <!-- mouseHoverOnMoreTest -->
  <testcase name="mouseHoverOnuserNameLabelTest" time="2.147" classname="com.qa.flipkart.testcases.HomePageTest"/>
  <testcase name="clickOnSearchTextboxTest" time="0.217" classname="com.qa.flipkart.testcases.HomePageTest"/>
  <testcase name="searchButtonIsEnabledTest" time="0.039" classname="com.qa.flipkart.testcases.SearchPageTest"/>
  <testcase name="searchButtonIsDisplayedTest" time="0.191" classname="com.qa.flipkart.testcases.SearchPageTest"/>
  <testcase name="verifySearchTextboxDisplayedTest" time="0.065" classname="com.qa.flipkart.testcases.SearchPageTest"/>
  <testcase name="verifySearchTextboxEnableTest" time="0.034" classname="com.qa.flipkart.testcases.SearchPageTest"/>
  <testcase name="verifyAutoSuggestTest" time="3.232" classname="com.qa.flipkart.testcases.SearchPageTest"/>
>>>>>>> 10c03352aecf54606b7590466593203f813953a9
</testsuite> <!-- Test -->
