<?xml version="1.0" encoding="UTF-8"?>
<testng-results skipped="0" failed="3" total="22" passed="19">
  <reporter-output>
  </reporter-output>
  <suite name="FlipkartSuite" duration-ms="165219" started-at="2020-07-22T13:11:49Z" finished-at="2020-07-22T13:14:34Z">
    <groups>
    </groups>
    <test name="Test" duration-ms="165219" started-at="2020-07-22T13:11:49Z" finished-at="2020-07-22T13:14:34Z">
      <class name="com.qa.flipkart.testcases.HomePageTest">
        <test-method status="PASS" signature="setup()[pri:0, instance:com.qa.flipkart.testcases.HomePageTest@224edc67]" name="setup" is-config="true" duration-ms="15995" started-at="2020-07-22T18:43:42Z" finished-at="2020-07-22T18:43:58Z">
          <reporter-output>
          </reporter-output>
        </test-method> <!-- setup -->
        <test-method status="PASS" signature="flipkartLogoIsDisplayedTest()[pri:0, instance:com.qa.flipkart.testcases.HomePageTest@224edc67]" name="flipkartLogoIsDisplayedTest" duration-ms="98" started-at="2020-07-22T18:43:58Z" finished-at="2020-07-22T18:43:59Z">
          <reporter-output>
          </reporter-output>
        </test-method> <!-- flipkartLogoIsDisplayedTest -->
        <test-method status="PASS" signature="verifyHomepageTitleTest()[pri:0, instance:com.qa.flipkart.testcases.HomePageTest@224edc67]" name="verifyHomepageTitleTest" duration-ms="24" started-at="2020-07-22T18:43:59Z" finished-at="2020-07-22T18:43:59Z">
          <reporter-output>
          </reporter-output>
        </test-method> <!-- verifyHomepageTitleTest -->
        <test-method status="FAIL" signature="mouseHoverOnElectronicsTest()[pri:0, instance:com.qa.flipkart.testcases.HomePageTest@224edc67]" name="mouseHoverOnElectronicsTest" duration-ms="223" started-at="2020-07-22T18:43:59Z" finished-at="2020-07-22T18:43:59Z">
          <exception class="java.lang.AssertionError">
            <message>
              <![CDATA[Mouse not Hower on Electronics Label expected [true] but found [false]]]>
            </message>
            <full-stacktrace>
              <![CDATA[java.lang.AssertionError: Mouse not Hower on Electronics Label expected [true] but found [false]
	at org.testng.Assert.fail(Assert.java:94)
	at org.testng.Assert.failNotEquals(Assert.java:494)
	at org.testng.Assert.assertTrue(Assert.java:42)
	at com.qa.flipkart.pages.HomePage.mouseHoverOnElectronics(HomePage.java:107)
	at com.qa.flipkart.testcases.HomePageTest.mouseHoverOnElectronicsTest(HomePageTest.java:52)
	at sun.reflect.NativeMethodAccessorImpl.invoke0(Native Method)
	at sun.reflect.NativeMethodAccessorImpl.invoke(NativeMethodAccessorImpl.java:62)
	at sun.reflect.DelegatingMethodAccessorImpl.invoke(DelegatingMethodAccessorImpl.java:43)
	at java.lang.reflect.Method.invoke(Method.java:483)
	at org.testng.internal.MethodInvocationHelper.invokeMethod(MethodInvocationHelper.java:84)
	at org.testng.internal.Invoker.invokeMethod(Invoker.java:714)
	at org.testng.internal.Invoker.invokeTestMethod(Invoker.java:901)
	at org.testng.internal.Invoker.invokeTestMethods(Invoker.java:1231)
	at org.testng.internal.TestMethodWorker.invokeTestMethods(TestMethodWorker.java:127)
	at org.testng.internal.TestMethodWorker.run(TestMethodWorker.java:111)
	at org.testng.TestRunner.privateRun(TestRunner.java:767)
	at org.testng.TestRunner.run(TestRunner.java:617)
	at org.testng.SuiteRunner.runTest(SuiteRunner.java:348)
	at org.testng.SuiteRunner.runSequentially(SuiteRunner.java:343)
	at org.testng.SuiteRunner.privateRun(SuiteRunner.java:305)
	at org.testng.SuiteRunner.run(SuiteRunner.java:254)
	at org.testng.SuiteRunnerWorker.runSuite(SuiteRunnerWorker.java:52)
	at org.testng.SuiteRunnerWorker.run(SuiteRunnerWorker.java:86)
	at org.testng.TestNG.runSuitesSequentially(TestNG.java:1224)
	at org.testng.TestNG.runSuitesLocally(TestNG.java:1149)
	at org.testng.TestNG.run(TestNG.java:1057)
	at org.testng.remote.AbstractRemoteTestNG.run(AbstractRemoteTestNG.java:115)
	at org.testng.remote.RemoteTestNG.initAndRun(RemoteTestNG.java:251)
	at org.testng.remote.RemoteTestNG.main(RemoteTestNG.java:77)
]]>
            </full-stacktrace>
          </exception> <!-- java.lang.AssertionError -->
          <reporter-output>
          </reporter-output>
        </test-method> <!-- mouseHoverOnElectronicsTest -->
        <test-method status="PASS" signature="verifyTextboxLabelTest()[pri:0, instance:com.qa.flipkart.testcases.HomePageTest@224edc67]" name="verifyTextboxLabelTest" duration-ms="95" started-at="2020-07-22T18:43:59Z" finished-at="2020-07-22T18:43:59Z">
          <reporter-output>
          </reporter-output>
        </test-method> <!-- verifyTextboxLabelTest -->
        <test-method status="PASS" signature="mouseHoverOnTVnandAppliancesTest()[pri:0, instance:com.qa.flipkart.testcases.HomePageTest@224edc67]" name="mouseHoverOnTVnandAppliancesTest" duration-ms="2386" started-at="2020-07-22T18:43:59Z" finished-at="2020-07-22T18:44:01Z">
          <reporter-output>
          </reporter-output>
        </test-method> <!-- mouseHoverOnTVnandAppliancesTest -->
        <test-method status="PASS" signature="mouseHoverOnMenTest()[pri:0, instance:com.qa.flipkart.testcases.HomePageTest@224edc67]" name="mouseHoverOnMenTest" duration-ms="2186" started-at="2020-07-22T18:44:01Z" finished-at="2020-07-22T18:44:03Z">
          <reporter-output>
          </reporter-output>
        </test-method> <!-- mouseHoverOnMenTest -->
        <test-method status="PASS" signature="mouseHoverOnWomenTest()[pri:0, instance:com.qa.flipkart.testcases.HomePageTest@224edc67]" name="mouseHoverOnWomenTest" duration-ms="3137" started-at="2020-07-22T18:44:03Z" finished-at="2020-07-22T18:44:07Z">
          <reporter-output>
          </reporter-output>
        </test-method> <!-- mouseHoverOnWomenTest -->
        <test-method status="PASS" signature="mouseHoverOnBabyAndKidTest()[pri:0, instance:com.qa.flipkart.testcases.HomePageTest@224edc67]" name="mouseHoverOnBabyAndKidTest" duration-ms="2137" started-at="2020-07-22T18:44:07Z" finished-at="2020-07-22T18:44:09Z">
          <reporter-output>
          </reporter-output>
        </test-method> <!-- mouseHoverOnBabyAndKidTest -->
        <test-method status="PASS" signature="mouseHoverOnHomeandFurnitureTest()[pri:0, instance:com.qa.flipkart.testcases.HomePageTest@224edc67]" name="mouseHoverOnHomeandFurnitureTest" duration-ms="2131" started-at="2020-07-22T18:44:09Z" finished-at="2020-07-22T18:44:11Z">
          <reporter-output>
          </reporter-output>
        </test-method> <!-- mouseHoverOnHomeandFurnitureTest -->
        <test-method status="PASS" signature="mouseHoverOnSportAndBookTest()[pri:0, instance:com.qa.flipkart.testcases.HomePageTest@224edc67]" name="mouseHoverOnSportAndBookTest" duration-ms="2158" started-at="2020-07-22T18:44:11Z" finished-at="2020-07-22T18:44:13Z">
          <reporter-output>
          </reporter-output>
        </test-method> <!-- mouseHoverOnSportAndBookTest -->
        <test-method status="FAIL" signature="mouseHoverOnMoreTest()[pri:0, instance:com.qa.flipkart.testcases.HomePageTest@224edc67]" name="mouseHoverOnMoreTest" duration-ms="169" started-at="2020-07-22T18:44:13Z" finished-at="2020-07-22T18:44:13Z">
          <exception class="java.lang.AssertionError">
            <message>
              <![CDATA[Mouse not Hower on Electronics Label expected [true] but found [false]]]>
            </message>
            <full-stacktrace>
              <![CDATA[java.lang.AssertionError: Mouse not Hower on Electronics Label expected [true] but found [false]
	at org.testng.Assert.fail(Assert.java:94)
	at org.testng.Assert.failNotEquals(Assert.java:494)
	at org.testng.Assert.assertTrue(Assert.java:42)
	at com.qa.flipkart.pages.HomePage.mouseHoverOnMoreLabel(HomePage.java:154)
	at com.qa.flipkart.testcases.HomePageTest.mouseHoverOnMoreTest(HomePageTest.java:100)
	at sun.reflect.NativeMethodAccessorImpl.invoke0(Native Method)
	at sun.reflect.NativeMethodAccessorImpl.invoke(NativeMethodAccessorImpl.java:62)
	at sun.reflect.DelegatingMethodAccessorImpl.invoke(DelegatingMethodAccessorImpl.java:43)
	at java.lang.reflect.Method.invoke(Method.java:483)
	at org.testng.internal.MethodInvocationHelper.invokeMethod(MethodInvocationHelper.java:84)
	at org.testng.internal.Invoker.invokeMethod(Invoker.java:714)
	at org.testng.internal.Invoker.invokeTestMethod(Invoker.java:901)
	at org.testng.internal.Invoker.invokeTestMethods(Invoker.java:1231)
	at org.testng.internal.TestMethodWorker.invokeTestMethods(TestMethodWorker.java:127)
	at org.testng.internal.TestMethodWorker.run(TestMethodWorker.java:111)
	at org.testng.TestRunner.privateRun(TestRunner.java:767)
	at org.testng.TestRunner.run(TestRunner.java:617)
	at org.testng.SuiteRunner.runTest(SuiteRunner.java:348)
	at org.testng.SuiteRunner.runSequentially(SuiteRunner.java:343)
	at org.testng.SuiteRunner.privateRun(SuiteRunner.java:305)
	at org.testng.SuiteRunner.run(SuiteRunner.java:254)
	at org.testng.SuiteRunnerWorker.runSuite(SuiteRunnerWorker.java:52)
	at org.testng.SuiteRunnerWorker.run(SuiteRunnerWorker.java:86)
	at org.testng.TestNG.runSuitesSequentially(TestNG.java:1224)
	at org.testng.TestNG.runSuitesLocally(TestNG.java:1149)
	at org.testng.TestNG.run(TestNG.java:1057)
	at org.testng.remote.AbstractRemoteTestNG.run(AbstractRemoteTestNG.java:115)
	at org.testng.remote.RemoteTestNG.initAndRun(RemoteTestNG.java:251)
	at org.testng.remote.RemoteTestNG.main(RemoteTestNG.java:77)
]]>
            </full-stacktrace>
          </exception> <!-- java.lang.AssertionError -->
          <reporter-output>
          </reporter-output>
        </test-method> <!-- mouseHoverOnMoreTest -->
        <test-method status="PASS" signature="mouseHoverOnuserNameLabelTest()[pri:0, instance:com.qa.flipkart.testcases.HomePageTest@224edc67]" name="mouseHoverOnuserNameLabelTest" duration-ms="2147" started-at="2020-07-22T18:44:13Z" finished-at="2020-07-22T18:44:15Z">
          <reporter-output>
          </reporter-output>
        </test-method> <!-- mouseHoverOnuserNameLabelTest -->
        <test-method status="PASS" signature="clickOnSearchTextboxTest()[pri:0, instance:com.qa.flipkart.testcases.HomePageTest@224edc67]" name="clickOnSearchTextboxTest" duration-ms="217" started-at="2020-07-22T18:44:15Z" finished-at="2020-07-22T18:44:16Z">
          <reporter-output>
          </reporter-output>
        </test-method> <!-- clickOnSearchTextboxTest -->
        <test-method status="PASS" signature="closeBrowser()[pri:0, instance:com.qa.flipkart.testcases.HomePageTest@224edc67]" name="closeBrowser" is-config="true" duration-ms="643" started-at="2020-07-22T18:44:16Z" finished-at="2020-07-22T18:44:16Z">
          <reporter-output>
          </reporter-output>
        </test-method> <!-- closeBrowser -->
      </class> <!-- com.qa.flipkart.testcases.HomePageTest -->
      <class name="com.qa.flipkart.testcases.LoginPageTest">
        <test-method status="PASS" signature="setup()[pri:0, instance:com.qa.flipkart.testcases.LoginPageTest@5c7fa833]" name="setup" is-config="true" duration-ms="17133" started-at="2020-07-22T18:41:49Z" finished-at="2020-07-22T18:42:06Z">
          <reporter-output>
          </reporter-output>
        </test-method> <!-- setup -->
        <test-method status="PASS" signature="loginTest()[pri:0, instance:com.qa.flipkart.testcases.LoginPageTest@5c7fa833]" name="loginTest" duration-ms="5831" started-at="2020-07-22T18:42:06Z" finished-at="2020-07-22T18:42:12Z">
          <reporter-output>
          </reporter-output>
        </test-method> <!-- loginTest -->
        <test-method status="PASS" signature="closeBrowser()[pri:0, instance:com.qa.flipkart.testcases.LoginPageTest@5c7fa833]" name="closeBrowser" is-config="true" duration-ms="685" started-at="2020-07-22T18:42:12Z" finished-at="2020-07-22T18:42:12Z">
          <reporter-output>
          </reporter-output>
        </test-method> <!-- closeBrowser -->
        <test-method status="PASS" signature="setup()[pri:0, instance:com.qa.flipkart.testcases.LoginPageTest@5c7fa833]" name="setup" is-config="true" duration-ms="26116" started-at="2020-07-22T18:42:12Z" finished-at="2020-07-22T18:42:38Z">
          <reporter-output>
          </reporter-output>
        </test-method> <!-- setup -->
        <test-method status="FAIL" signature="verifyInvalidPasswordTest()[pri:0, instance:com.qa.flipkart.testcases.LoginPageTest@5c7fa833]" name="verifyInvalidPasswordTest" duration-ms="40096" started-at="2020-07-22T18:42:38Z" finished-at="2020-07-22T18:43:18Z">
          <exception class="org.openqa.selenium.NoSuchElementException">
            <message>
              <![CDATA[no such element: Unable to locate element: {"method":"xpath","selector":"//input[@class='_2zrpKA _1dBPDZ']"}
  (Session info: chrome=84.0.4147.89)
For documentation on this error, please visit: https://www.seleniumhq.org/exceptions/no_such_element.html
Build info: version: '3.141.59', revision: 'e82be7d358', time: '2018-11-14T08:17:03'
System info: host: 'DESKTOP-R62C331', ip: '192.168.1.102', os.name: 'Windows 8.1', os.arch: 'amd64', os.version: '6.3', java.version: '1.8.0_31'
Driver info: org.openqa.selenium.chrome.ChromeDriver
Capabilities {acceptInsecureCerts: false, browserName: chrome, browserVersion: 84.0.4147.89, chrome: {chromedriverVersion: 84.0.4147.30 (48b3e868b4cc0..., userDataDir: C:\Users\Shivam\AppData\Loc...}, goog:chromeOptions: {debuggerAddress: localhost:55822}, javascriptEnabled: true, networkConnectionEnabled: false, pageLoadStrategy: normal, platform: WINDOWS, platformName: WINDOWS, proxy: Proxy(), setWindowRect: true, strictFileInteractability: false, timeouts: {implicit: 0, pageLoad: 300000, script: 30000}, unhandledPromptBehavior: dismiss and notify, webauthn:virtualAuthenticators: true}
Session ID: 46c33851b6ab05b5593f687313a08948
*** Element info: {Using=xpath, value=//input[@class='_2zrpKA _1dBPDZ']}]]>
            </message>
            <full-stacktrace>
              <![CDATA[org.openqa.selenium.NoSuchElementException: no such element: Unable to locate element: {"method":"xpath","selector":"//input[@class='_2zrpKA _1dBPDZ']"}
  (Session info: chrome=84.0.4147.89)
For documentation on this error, please visit: https://www.seleniumhq.org/exceptions/no_such_element.html
Build info: version: '3.141.59', revision: 'e82be7d358', time: '2018-11-14T08:17:03'
System info: host: 'DESKTOP-R62C331', ip: '192.168.1.102', os.name: 'Windows 8.1', os.arch: 'amd64', os.version: '6.3', java.version: '1.8.0_31'
Driver info: org.openqa.selenium.chrome.ChromeDriver
Capabilities {acceptInsecureCerts: false, browserName: chrome, browserVersion: 84.0.4147.89, chrome: {chromedriverVersion: 84.0.4147.30 (48b3e868b4cc0..., userDataDir: C:\Users\Shivam\AppData\Loc...}, goog:chromeOptions: {debuggerAddress: localhost:55822}, javascriptEnabled: true, networkConnectionEnabled: false, pageLoadStrategy: normal, platform: WINDOWS, platformName: WINDOWS, proxy: Proxy(), setWindowRect: true, strictFileInteractability: false, timeouts: {implicit: 0, pageLoad: 300000, script: 30000}, unhandledPromptBehavior: dismiss and notify, webauthn:virtualAuthenticators: true}
Session ID: 46c33851b6ab05b5593f687313a08948
*** Element info: {Using=xpath, value=//input[@class='_2zrpKA _1dBPDZ']}
	at sun.reflect.NativeConstructorAccessorImpl.newInstance0(Native Method)
	at sun.reflect.NativeConstructorAccessorImpl.newInstance(NativeConstructorAccessorImpl.java:62)
	at sun.reflect.DelegatingConstructorAccessorImpl.newInstance(DelegatingConstructorAccessorImpl.java:45)
	at java.lang.reflect.Constructor.newInstance(Constructor.java:408)
	at org.openqa.selenium.remote.http.W3CHttpResponseCodec.createException(W3CHttpResponseCodec.java:187)
	at org.openqa.selenium.remote.http.W3CHttpResponseCodec.decode(W3CHttpResponseCodec.java:122)
	at org.openqa.selenium.remote.http.W3CHttpResponseCodec.decode(W3CHttpResponseCodec.java:49)
	at org.openqa.selenium.remote.HttpCommandExecutor.execute(HttpCommandExecutor.java:158)
	at org.openqa.selenium.remote.service.DriverCommandExecutor.execute(DriverCommandExecutor.java:83)
	at org.openqa.selenium.remote.RemoteWebDriver.execute(RemoteWebDriver.java:552)
	at org.openqa.selenium.remote.RemoteWebDriver.findElement(RemoteWebDriver.java:323)
	at org.openqa.selenium.remote.RemoteWebDriver.findElementByXPath(RemoteWebDriver.java:428)
	at org.openqa.selenium.By$ByXPath.findElement(By.java:353)
	at org.openqa.selenium.remote.RemoteWebDriver.findElement(RemoteWebDriver.java:315)
	at org.openqa.selenium.support.pagefactory.DefaultElementLocator.findElement(DefaultElementLocator.java:69)
	at org.openqa.selenium.support.pagefactory.internal.LocatingElementHandler.invoke(LocatingElementHandler.java:38)
	at com.sun.proxy.$Proxy11.sendKeys(Unknown Source)
	at com.qa.flipkart.pages.LoginPage.verifyInvalidInput(LoginPage.java:60)
	at com.qa.flipkart.testcases.LoginPageTest.verifyInvalidPasswordTest(LoginPageTest.java:35)
	at sun.reflect.NativeMethodAccessorImpl.invoke0(Native Method)
	at sun.reflect.NativeMethodAccessorImpl.invoke(NativeMethodAccessorImpl.java:62)
	at sun.reflect.DelegatingMethodAccessorImpl.invoke(DelegatingMethodAccessorImpl.java:43)
	at java.lang.reflect.Method.invoke(Method.java:483)
	at org.testng.internal.MethodInvocationHelper.invokeMethod(MethodInvocationHelper.java:84)
	at org.testng.internal.Invoker.invokeMethod(Invoker.java:714)
	at org.testng.internal.Invoker.invokeTestMethod(Invoker.java:901)
	at org.testng.internal.Invoker.invokeTestMethods(Invoker.java:1231)
	at org.testng.internal.TestMethodWorker.invokeTestMethods(TestMethodWorker.java:127)
	at org.testng.internal.TestMethodWorker.run(TestMethodWorker.java:111)
	at org.testng.TestRunner.privateRun(TestRunner.java:767)
	at org.testng.TestRunner.run(TestRunner.java:617)
	at org.testng.SuiteRunner.runTest(SuiteRunner.java:348)
	at org.testng.SuiteRunner.runSequentially(SuiteRunner.java:343)
	at org.testng.SuiteRunner.privateRun(SuiteRunner.java:305)
	at org.testng.SuiteRunner.run(SuiteRunner.java:254)
	at org.testng.SuiteRunnerWorker.runSuite(SuiteRunnerWorker.java:52)
	at org.testng.SuiteRunnerWorker.run(SuiteRunnerWorker.java:86)
	at org.testng.TestNG.runSuitesSequentially(TestNG.java:1224)
	at org.testng.TestNG.runSuitesLocally(TestNG.java:1149)
	at org.testng.TestNG.run(TestNG.java:1057)
	at org.testng.remote.AbstractRemoteTestNG.run(AbstractRemoteTestNG.java:115)
	at org.testng.remote.RemoteTestNG.initAndRun(RemoteTestNG.java:251)
	at org.testng.remote.RemoteTestNG.main(RemoteTestNG.java:77)
]]>
            </full-stacktrace>
          </exception> <!-- org.openqa.selenium.NoSuchElementException -->
          <reporter-output>
          </reporter-output>
        </test-method> <!-- verifyInvalidPasswordTest -->
        <test-method status="PASS" signature="closeBrowser()[pri:0, instance:com.qa.flipkart.testcases.LoginPageTest@5c7fa833]" name="closeBrowser" is-config="true" duration-ms="699" started-at="2020-07-22T18:43:18Z" finished-at="2020-07-22T18:43:19Z">
          <reporter-output>
          </reporter-output>
        </test-method> <!-- closeBrowser -->
        <test-method status="PASS" signature="setup()[pri:0, instance:com.qa.flipkart.testcases.LoginPageTest@5c7fa833]" name="setup" is-config="true" duration-ms="10516" started-at="2020-07-22T18:43:19Z" finished-at="2020-07-22T18:43:30Z">
          <reporter-output>
          </reporter-output>
        </test-method> <!-- setup -->
        <test-method status="PASS" signature="verifyInvalidMobNoTest()[pri:0, instance:com.qa.flipkart.testcases.LoginPageTest@5c7fa833]" name="verifyInvalidMobNoTest" duration-ms="917" started-at="2020-07-22T18:43:30Z" finished-at="2020-07-22T18:43:31Z">
          <reporter-output>
          </reporter-output>
        </test-method> <!-- verifyInvalidMobNoTest -->
        <test-method status="PASS" signature="closeBrowser()[pri:0, instance:com.qa.flipkart.testcases.LoginPageTest@5c7fa833]" name="closeBrowser" is-config="true" duration-ms="1131" started-at="2020-07-22T18:43:31Z" finished-at="2020-07-22T18:43:32Z">
          <reporter-output>
          </reporter-output>
        </test-method> <!-- closeBrowser -->
        <test-method status="PASS" signature="setup()[pri:0, instance:com.qa.flipkart.testcases.LoginPageTest@5c7fa833]" name="setup" is-config="true" duration-ms="9547" started-at="2020-07-22T18:43:32Z" finished-at="2020-07-22T18:43:41Z">
          <reporter-output>
          </reporter-output>
        </test-method> <!-- setup -->
        <test-method status="PASS" signature="verifyBlankFieldLoginTest()[pri:0, instance:com.qa.flipkart.testcases.LoginPageTest@5c7fa833]" name="verifyBlankFieldLoginTest" duration-ms="501" started-at="2020-07-22T18:43:41Z" finished-at="2020-07-22T18:43:42Z">
          <reporter-output>
          </reporter-output>
        </test-method> <!-- verifyBlankFieldLoginTest -->
        <test-method status="PASS" signature="closeBrowser()[pri:0, instance:com.qa.flipkart.testcases.LoginPageTest@5c7fa833]" name="closeBrowser" is-config="true" duration-ms="654" started-at="2020-07-22T18:43:42Z" finished-at="2020-07-22T18:43:42Z">
          <reporter-output>
          </reporter-output>
        </test-method> <!-- closeBrowser -->
      </class> <!-- com.qa.flipkart.testcases.LoginPageTest -->
      <class name="com.qa.flipkart.testcases.SearchPageTest">
        <test-method status="PASS" signature="setup()[pri:0, instance:com.qa.flipkart.testcases.SearchPageTest@1d057a39]" name="setup" is-config="true" duration-ms="14004" started-at="2020-07-22T18:44:16Z" finished-at="2020-07-22T18:44:30Z">
          <reporter-output>
          </reporter-output>
        </test-method> <!-- setup -->
        <test-method status="PASS" signature="searchButtonIsEnabledTest()[pri:0, instance:com.qa.flipkart.testcases.SearchPageTest@1d057a39]" name="searchButtonIsEnabledTest" duration-ms="39" started-at="2020-07-22T18:44:30Z" finished-at="2020-07-22T18:44:30Z">
          <reporter-output>
          </reporter-output>
        </test-method> <!-- searchButtonIsEnabledTest -->
        <test-method status="PASS" signature="searchButtonIsDisplayedTest()[pri:0, instance:com.qa.flipkart.testcases.SearchPageTest@1d057a39]" name="searchButtonIsDisplayedTest" duration-ms="191" started-at="2020-07-22T18:44:30Z" finished-at="2020-07-22T18:44:30Z">
          <reporter-output>
          </reporter-output>
        </test-method> <!-- searchButtonIsDisplayedTest -->
        <test-method status="PASS" signature="verifySearchTextboxDisplayedTest()[pri:0, instance:com.qa.flipkart.testcases.SearchPageTest@1d057a39]" name="verifySearchTextboxDisplayedTest" duration-ms="65" started-at="2020-07-22T18:44:30Z" finished-at="2020-07-22T18:44:30Z">
          <reporter-output>
          </reporter-output>
        </test-method> <!-- verifySearchTextboxDisplayedTest -->
        <test-method status="PASS" signature="verifySearchTextboxEnableTest()[pri:0, instance:com.qa.flipkart.testcases.SearchPageTest@1d057a39]" name="verifySearchTextboxEnableTest" duration-ms="34" started-at="2020-07-22T18:44:30Z" finished-at="2020-07-22T18:44:31Z">
          <reporter-output>
          </reporter-output>
        </test-method> <!-- verifySearchTextboxEnableTest -->
        <test-method status="PASS" signature="verifyAutoSuggestTest()[pri:0, instance:com.qa.flipkart.testcases.SearchPageTest@1d057a39]" name="verifyAutoSuggestTest" duration-ms="3232" started-at="2020-07-22T18:44:31Z" finished-at="2020-07-22T18:44:34Z">
          <reporter-output>
          </reporter-output>
        </test-method> <!-- verifyAutoSuggestTest -->
        <test-method status="PASS" signature="closeBrowser()[pri:0, instance:com.qa.flipkart.testcases.SearchPageTest@1d057a39]" name="closeBrowser" is-config="true" duration-ms="0" started-at="2020-07-22T18:44:34Z" finished-at="2020-07-22T18:44:34Z">
          <reporter-output>
          </reporter-output>
        </test-method> <!-- closeBrowser -->
      </class> <!-- com.qa.flipkart.testcases.SearchPageTest -->
    </test> <!-- Test -->
  </suite> <!-- FlipkartSuite -->
</testng-results>
