<?xml version="1.0" encoding="UTF-8"?>
<!-- Generated by org.testng.reporters.JUnitReportReporter -->
<testsuite hostname="DESKTOP-R62C331" name="com.qa.flipkart.testcases.HomePageTest" tests="13" failures="0" timestamp="22 Jul 2020 13:14:34 GMT" time="17.108" errors="2">
  <testcase name="mouseHoverOnTVnandAppliancesTest" time="2.386" classname="com.qa.flipkart.testcases.HomePageTest"/>
  <testcase name="mouseHoverOnMenTest" time="2.186" classname="com.qa.flipkart.testcases.HomePageTest"/>
  <testcase name="mouseHoverOnSportAndBookTest" time="2.158" classname="com.qa.flipkart.testcases.HomePageTest"/>
  <testcase name="flipkartLogoIsDisplayedTest" time="0.098" classname="com.qa.flipkart.testcases.HomePageTest"/>
  <testcase name="mouseHoverOnBabyAndKidTest" time="2.137" classname="com.qa.flipkart.testcases.HomePageTest"/>
  <testcase name="mouseHoverOnElectronicsTest" time="0.223" classname="com.qa.flipkart.testcases.HomePageTest">
    <error type="java.lang.AssertionError" message="Mouse not Hower on Electronics Label expected [true] but found [false]">
      <![CDATA[java.lang.AssertionError: Mouse not Hower on Electronics Label expected [true] but found [false]
	at org.testng.Assert.fail(Assert.java:94)
	at org.testng.Assert.failNotEquals(Assert.java:494)
	at org.testng.Assert.assertTrue(Assert.java:42)
	at com.qa.flipkart.pages.HomePage.mouseHoverOnElectronics(HomePage.java:107)
	at com.qa.flipkart.testcases.HomePageTest.mouseHoverOnElectronicsTest(HomePageTest.java:52)
	at sun.reflect.NativeMethodAccessorImpl.invoke0(Native Method)
	at sun.reflect.NativeMethodAccessorImpl.invoke(NativeMethodAccessorImpl.java:62)
	at sun.reflect.DelegatingMethodAccessorImpl.invoke(DelegatingMethodAccessorImpl.java:43)
	at java.lang.reflect.Method.invoke(Method.java:483)
	at org.testng.internal.MethodInvocationHelper.invokeMethod(MethodInvocationHelper.java:84)
	at org.testng.internal.Invoker.invokeMethod(Invoker.java:714)
	at org.testng.internal.Invoker.invokeTestMethod(Invoker.java:901)
	at org.testng.internal.Invoker.invokeTestMethods(Invoker.java:1231)
	at org.testng.internal.TestMethodWorker.invokeTestMethods(TestMethodWorker.java:127)
	at org.testng.internal.TestMethodWorker.run(TestMethodWorker.java:111)
	at org.testng.TestRunner.privateRun(TestRunner.java:767)
	at org.testng.TestRunner.run(TestRunner.java:617)
	at org.testng.SuiteRunner.runTest(SuiteRunner.java:348)
	at org.testng.SuiteRunner.runSequentially(SuiteRunner.java:343)
	at org.testng.SuiteRunner.privateRun(SuiteRunner.java:305)
	at org.testng.SuiteRunner.run(SuiteRunner.java:254)
	at org.testng.SuiteRunnerWorker.runSuite(SuiteRunnerWorker.java:52)
	at org.testng.SuiteRunnerWorker.run(SuiteRunnerWorker.java:86)
	at org.testng.TestNG.runSuitesSequentially(TestNG.java:1224)
	at org.testng.TestNG.runSuitesLocally(TestNG.java:1149)
	at org.testng.TestNG.run(TestNG.java:1057)
	at org.testng.remote.AbstractRemoteTestNG.run(AbstractRemoteTestNG.java:115)
	at org.testng.remote.RemoteTestNG.initAndRun(RemoteTestNG.java:251)
	at org.testng.remote.RemoteTestNG.main(RemoteTestNG.java:77)
]]>
    </error>
  </testcase> <!-- mouseHoverOnElectronicsTest -->
  <testcase name="verifyTextboxLabelTest" time="0.095" classname="com.qa.flipkart.testcases.HomePageTest"/>
  <testcase name="mouseHoverOnWomenTest" time="3.137" classname="com.qa.flipkart.testcases.HomePageTest"/>
  <testcase name="mouseHoverOnHomeandFurnitureTest" time="2.131" classname="com.qa.flipkart.testcases.HomePageTest"/>
  <testcase name="mouseHoverOnMoreTest" time="0.169" classname="com.qa.flipkart.testcases.HomePageTest">
    <error type="java.lang.AssertionError" message="Mouse not Hower on Electronics Label expected [true] but found [false]">
      <![CDATA[java.lang.AssertionError: Mouse not Hower on Electronics Label expected [true] but found [false]
	at org.testng.Assert.fail(Assert.java:94)
	at org.testng.Assert.failNotEquals(Assert.java:494)
	at org.testng.Assert.assertTrue(Assert.java:42)
	at com.qa.flipkart.pages.HomePage.mouseHoverOnMoreLabel(HomePage.java:154)
	at com.qa.flipkart.testcases.HomePageTest.mouseHoverOnMoreTest(HomePageTest.java:100)
	at sun.reflect.NativeMethodAccessorImpl.invoke0(Native Method)
	at sun.reflect.NativeMethodAccessorImpl.invoke(NativeMethodAccessorImpl.java:62)
	at sun.reflect.DelegatingMethodAccessorImpl.invoke(DelegatingMethodAccessorImpl.java:43)
	at java.lang.reflect.Method.invoke(Method.java:483)
	at org.testng.internal.MethodInvocationHelper.invokeMethod(MethodInvocationHelper.java:84)
	at org.testng.internal.Invoker.invokeMethod(Invoker.java:714)
	at org.testng.internal.Invoker.invokeTestMethod(Invoker.java:901)
	at org.testng.internal.Invoker.invokeTestMethods(Invoker.java:1231)
	at org.testng.internal.TestMethodWorker.invokeTestMethods(TestMethodWorker.java:127)
	at org.testng.internal.TestMethodWorker.run(TestMethodWorker.java:111)
	at org.testng.TestRunner.privateRun(TestRunner.java:767)
	at org.testng.TestRunner.run(TestRunner.java:617)
	at org.testng.SuiteRunner.runTest(SuiteRunner.java:348)
	at org.testng.SuiteRunner.runSequentially(SuiteRunner.java:343)
	at org.testng.SuiteRunner.privateRun(SuiteRunner.java:305)
	at org.testng.SuiteRunner.run(SuiteRunner.java:254)
	at org.testng.SuiteRunnerWorker.runSuite(SuiteRunnerWorker.java:52)
	at org.testng.SuiteRunnerWorker.run(SuiteRunnerWorker.java:86)
	at org.testng.TestNG.runSuitesSequentially(TestNG.java:1224)
	at org.testng.TestNG.runSuitesLocally(TestNG.java:1149)
	at org.testng.TestNG.run(TestNG.java:1057)
	at org.testng.remote.AbstractRemoteTestNG.run(AbstractRemoteTestNG.java:115)
	at org.testng.remote.RemoteTestNG.initAndRun(RemoteTestNG.java:251)
	at org.testng.remote.RemoteTestNG.main(RemoteTestNG.java:77)
]]>
    </error>
  </testcase> <!-- mouseHoverOnMoreTest -->
  <testcase name="verifyHomepageTitleTest" time="0.024" classname="com.qa.flipkart.testcases.HomePageTest"/>
  <testcase name="mouseHoverOnuserNameLabelTest" time="2.147" classname="com.qa.flipkart.testcases.HomePageTest"/>
  <testcase name="clickOnSearchTextboxTest" time="0.217" classname="com.qa.flipkart.testcases.HomePageTest"/>
</testsuite> <!-- com.qa.flipkart.testcases.HomePageTest -->
